<?xml version="1.0" encoding="UTF-8"?>
<testng-results ignored="0" total="0" passed="0" failed="0" skipped="0">
  <reporter-output>
  </reporter-output>
  <suite started-at="2024-10-16T19:23:27 EDT" name="Default suite" finished-at="2024-10-16T19:23:28 EDT" duration-ms="1160">
    <groups>
      <group name="cucumber">
        <method signature="AbstractTestNGCucumberTests.runScenario(io.cucumber.testng.PickleWrapper,io.cucumber.testng.FeatureWrapper)[pri:0, instance:com.Dhaka.testRunners.TestRunner@2002fc1d]" name="runScenario" class="io.cucumber.testng.AbstractTestNGCucumberTests"/>
      </group> <!-- cucumber -->
    </groups>
    <test started-at="2024-10-16T19:23:27 EDT" name="Default test" finished-at="2024-10-16T19:23:28 EDT" duration-ms="1160">
      <class name="com.Dhaka.testRunners.TestRunner">
        <test-method is-config="true" signature="LaunchApplicationURL()[pri:0, instance:com.Dhaka.testRunners.TestRunner@2002fc1d]" started-at="2024-10-16T19:23:27 EDT" name="LaunchApplicationURL" finished-at="2024-10-16T19:23:28 EDT" duration-ms="907" status="PASS">
          <reporter-output>
          </reporter-output>
        </test-method> <!-- LaunchApplicationURL -->
        <test-method is-config="true" signature="setUpClass(org.testng.ITestContext)[pri:0, instance:com.Dhaka.testRunners.TestRunner@2002fc1d]" started-at="2024-10-16T19:23:28 EDT" name="setUpClass" finished-at="2024-10-16T19:23:28 EDT" duration-ms="73" status="PASS">
          <params>
            <param index="0">
              <value>
                <![CDATA[org.testng.TestRunner@56078cea]]>
              </value>
            </param>
          </params>
          <reporter-output>
          </reporter-output>
        </test-method> <!-- setUpClass -->
        <test-method is-config="true" signature="tearDownClass()[pri:0, instance:com.Dhaka.testRunners.TestRunner@2002fc1d]" started-at="2024-10-16T19:23:28 EDT" name="tearDownClass" finished-at="2024-10-16T19:23:28 EDT" duration-ms="84" status="PASS">
          <reporter-output>
          </reporter-output>
        </test-method> <!-- tearDownClass -->
        <test-method is-config="true" signature="CloseApplicationURL()[pri:0, instance:com.Dhaka.testRunners.TestRunner@2002fc1d]" started-at="2024-10-16T19:23:28 EDT" name="CloseApplicationURL" finished-at="2024-10-16T19:23:28 EDT" duration-ms="81" status="PASS">
          <reporter-output>
          </reporter-output>
        </test-method> <!-- CloseApplicationURL -->
      </class> <!-- com.Dhaka.testRunners.TestRunner -->
    </test> <!-- Default test -->
  </suite> <!-- Default suite -->
</testng-results>
